<?xml version="1.0" encoding="UTF-8"?>
<testsuite xmlns:xsi="http://www.w3.org/2001/XMLSchema-instance" xsi:noNamespaceSchemaLocation="https://maven.apache.org/surefire/maven-surefire-plugin/xsd/surefire-test-report.xsd" version="3.0.2" name="com.oneenterprise.securitysession.SecuritySessionServiceApplicationTests" time="13.275" tests="1" errors="0" skipped="0" failures="0" flakes="0">
  <properties>
[...]
</properties>
  <testcase name="contextLoads" classname="com.oneenterprise.securitysession.SecuritySessionServiceApplicationTests" time="0.813">
    <system-out><![CDATA[11:49:50.613 [main] INFO org.springframework.test.context.support.AnnotationConfigContextLoaderUtils -- Could not detect default configuration classes for test class [com.oneenterprise.securitysession.SecuritySessionServiceApplicationTests]: SecuritySessionServiceApplicationTests does not declare any static, non-private, non-final, nested classes annotated with @Configuration.
11:49:51.051 [main] INFO org.springframework.boot.test.context.SpringBootTestContextBootstrapper -- Found @SpringBootConfiguration com.oneenterprise.securitysession.SecuritySessionServiceApplication for test class com.oneenterprise.securitysession.SecuritySessionServiceApplicationTests
11:49:51.364 [main] INFO org.springframework.test.context.support.AnnotationConfigContextLoaderUtils -- Could not detect default configuration classes for test class [com.oneenterprise.securitysession.SecuritySessionServiceApplicationTests]: SecuritySessionServiceApplicationTests does not declare any static, non-private, non-final, nested classes annotated with @Configuration.
11:49:51.368 [main] INFO org.springframework.boot.test.context.SpringBootTestContextBootstrapper -- Found @SpringBootConfiguration com.oneenterprise.securitysession.SecuritySessionServiceApplication for test class com.oneenterprise.securitysession.SecuritySessionServiceApplicationTests
11:49:51.524 [main] INFO org.springframework.boot.devtools.restart.RestartApplicationListener -- Restart disabled due to context in which it is running

  .   ____          _            __ _ _
 /\\ / ___'_ __ _ _(_)_ __  __ _ \ \ \ \
( ( )\___ | '_ | '_| | '_ \/ _` | \ \ \ \
 \\/  ___)| |_)| | | | | || (_| |  ) ) ) )
  '  |____| .__|_| |_|_| |_\__, | / / / /
 =========|_|==============|___/=/_/_/_/

 :: Spring Boot ::                (v4.0.8)

2026-08-27T11:49:52.002+05:30  INFO 4772 --- [security-session-service] [           main] s.SecuritySessionServiceApplicationTests : Starting SecuritySessionServiceApplicationTests using Java 24.0.1 with PID 4772 (started by kirus in E:\downloadsE\profile\Stackly_office\projects\Sprint-1-Dummy-Project\security-session-service)
2026-08-27T11:49:52.007+05:30  INFO 4772 --- [security-session-service] [           main] s.SecuritySessionServiceApplicationTests : No active profile set, falling back to 1 default profile: "default"
2026-08-27T11:49:54.111+05:30  INFO 4772 --- [security-session-service] [           main] .s.d.r.c.RepositoryConfigurationDelegate : Multiple Spring Data modules found, entering strict repository configuration mode
2026-08-27T11:49:54.114+05:30  INFO 4772 --- [security-session-service] [           main] .s.d.r.c.RepositoryConfigurationDelegate : Bootstrapping Spring Data JPA repositories in DEFAULT mode.
2026-08-27T11:49:54.427+05:30  INFO 4772 --- [security-session-service] [           main] .s.d.r.c.RepositoryConfigurationDelegate : Finished Spring Data repository scanning in 284 ms. Found 3 JPA repository interfaces.
2026-08-27T11:49:54.497+05:30  INFO 4772 --- [security-session-service] [           main] .s.d.r.c.RepositoryConfigurationDelegate : Multiple Spring Data modules found, entering strict repository configuration mode
2026-08-27T11:49:54.499+05:30  INFO 4772 --- [security-session-service] [           main] .s.d.r.c.RepositoryConfigurationDelegate : Bootstrapping Spring Data Redis repositories in DEFAULT mode.
2026-08-27T11:49:54.530+05:30  INFO 4772 --- [security-session-service] [           main] .RepositoryConfigurationExtensionSupport : Spring Data Redis - Could not safely identify store assignment for repository candidate interface com.oneenterprise.securitysession.repository.LoginHistoryRepository; If you want this repository to be a Redis repository, consider annotating your entities with one of these annotations: org.springframework.data.redis.core.RedisHash (preferred), or consider extending one of the following types with your repository: org.springframework.data.keyvalue.repository.KeyValueRepository
2026-08-27T11:49:54.538+05:30  INFO 4772 --- [security-session-service] [           main] .RepositoryConfigurationExtensionSupport : Spring Data Redis - Could not safely identify store assignment for repository candidate interface com.oneenterprise.securitysession.repository.UserDeviceRepository; If you want this repository to be a Redis repository, consider annotating your entities with one of these annotations: org.springframework.data.redis.core.RedisHash (preferred), or consider extending one of the following types with your repository: org.springframework.data.keyvalue.repository.KeyValueRepository
2026-08-27T11:49:54.539+05:30  INFO 4772 --- [security-session-service] [           main] .RepositoryConfigurationExtensionSupport : Spring Data Redis - Could not safely identify store assignment for repository candidate interface com.oneenterprise.securitysession.repository.UserSessionRepository; If you want this repository to be a Redis repository, consider annotating your entities with one of these annotations: org.springframework.data.redis.core.RedisHash (preferred), or consider extending one of the following types with your repository: org.springframework.data.keyvalue.repository.KeyValueRepository
2026-08-27T11:49:54.539+05:30  INFO 4772 --- [security-session-service] [           main] .s.d.r.c.RepositoryConfigurationDelegate : Finished Spring Data repository scanning in 22 ms. Found 0 Redis repository interfaces.
2026-08-27T11:49:55.361+05:30  INFO 4772 --- [security-session-service] [           main] org.hibernate.orm.jpa                    : HHH008540: Processing PersistenceUnitInfo [name: default]
2026-08-27T11:49:55.577+05:30  INFO 4772 --- [security-session-service] [           main] org.hibernate.orm.core                   : HHH000001: Hibernate ORM core version 7.2.24.Final
2026-08-27T11:49:56.760+05:30  INFO 4772 --- [security-session-service] [           main] o.s.o.j.p.SpringPersistenceUnitInfo      : No LoadTimeWeaver setup: ignoring JPA class transformer
2026-08-27T11:49:56.805+05:30  INFO 4772 --- [security-session-service] [           main] com.zaxxer.hikari.HikariDataSource       : HikariPool-1 - Starting...
2026-08-27T11:49:57.239+05:30  INFO 4772 --- [security-session-service] [           main] com.zaxxer.hikari.pool.HikariPool        : HikariPool-1 - Added connection org.postgresql.jdbc.PgConnection@44618fe6
2026-08-27T11:49:57.241+05:30  INFO 4772 --- [security-session-service] [           main] com.zaxxer.hikari.HikariDataSource       : HikariPool-1 - Start completed.
2026-08-27T11:49:57.437+05:30  INFO 4772 --- [security-session-service] [           main] org.hibernate.orm.connections.pooling    : HHH10001005: Database info:
	Database JDBC URL [jdbc:postgresql://127.0.0.1:5432/security_session_db]
	Database driver: PostgreSQL JDBC Driver
	Database dialect: PostgreSQLDialect
	Database version: 18.4
	Default catalog/schema: security_session_db/public
	Autocommit mode: undefined/unknown
	Isolation level: READ_COMMITTED [default READ_COMMITTED]
	JDBC fetch size: none
	Pool: DataSourceConnectionProvider
	Minimum pool size: undefined/unknown
	Maximum pool size: undefined/unknown
2026-08-27T11:49:58.998+05:30  INFO 4772 --- [security-session-service] [           main] org.hibernate.orm.core                   : HHH000489: No JTA platform available (set 'hibernate.transaction.jta.platform' to enable JTA platform integration)
2026-08-27T11:49:59.309+05:30  INFO 4772 --- [security-session-service] [           main] j.LocalContainerEntityManagerFactoryBean : Initialized JPA EntityManagerFactory for persistence unit 'default'
2026-08-27T11:49:59.495+05:30  INFO 4772 --- [security-session-service] [           main] o.s.d.j.r.query.QueryEnhancerFactories   : Hibernate is in classpath; If applicable, HQL parser will be used.
2026-08-27T11:50:01.400+05:30  WARN 4772 --- [security-session-service] [           main] JpaBaseConfiguration$JpaWebConfiguration : spring.jpa.open-in-view is enabled by default. Therefore, database queries may be performed during view rendering. Explicitly configure spring.jpa.open-in-view to disable this warning
2026-08-27T11:50:02.397+05:30  INFO 4772 --- [security-session-service] [           main] s.SecuritySessionServiceApplicationTests : Started SecuritySessionServiceApplicationTests in 10.896 seconds (process running for 14.391)
]]></system-out>
    <system-err><![CDATA[Mockito is currently self-attaching to enable the inline-mock-maker. This will no longer work in future releases of the JDK. Please add Mockito as an agent to your build as described in Mockito's documentation: https://javadoc.io/doc/org.mockito/mockito-core/latest/org.mockito/org/mockito/Mockito.html#0.3
WARNING: A Java agent has been loaded dynamically (C:\Users\kirus\.m2\repository\net\bytebuddy\byte-buddy-agent\1.17.8\byte-buddy-agent-1.17.8.jar)
WARNING: If a serviceability tool is in use, please run with -XX:+EnableDynamicAgentLoading to hide this warning
WARNING: If a serviceability tool is not in use, please run with -Djdk.instrument.traceUsage for more information
WARNING: Dynamic loading of agents will be disallowed by default in a future release
]]></system-err>
  </testcase>
</testsuite>